app/build/intermediates/manifest_merge_blame_file/debug/manifest-merger-blame-debug-report.txt
1<?xml version="1.0" encoding="utf-8"?>
2<manifest xmlns:android="http://schemas.android.com/apk/res/android"
3    package="com.example.psyburger6"
4    android:versionCode="1"
5    android:versionName="1.0" >
6
7    <uses-sdk
8        android:minSdkVersion="23"
8-->src\main\AndroidManifest.xml
9        android:targetSdkVersion="34" />
9-->src\main\AndroidManifest.xml
10
11    <uses-permission android:name="android.permission.INTERNET" />
11-->src\main\AndroidManifest.xml:5:5-83
11-->src\main\AndroidManifest.xml:5:22-64
12    <uses-permission android:name="android.permission.WRITE_EXTERNAL_STORAGE" />
12-->[com.robotemi:sdk:0.10.77] AndroidManifest.xml:11:5-81
12-->[com.robotemi:sdk:0.10.77] AndroidManifest.xml:11:22-78
13    <uses-permission android:name="android.permission.READ_EXTERNAL_STORAGE" />
14
15    <permission
15-->[androidx.core:core:1.9.0] AndroidManifest.xml:22:5-24:47
16        android:name="com.example.psyburger6.DYNAMIC_RECEIVER_NOT_EXPORTED_PERMISSION"
16-->[androidx.core:core:1.9.0] AndroidManifest.xml:23:9-81
17        android:protectionLevel="signature" />
17-->[androidx.core:core:1.9.0] AndroidManifest.xml:24:9-44
18
19    <uses-permission android:name="com.example.psyburger6.DYNAMIC_RECEIVER_NOT_EXPORTED_PERMISSION" />
19-->[androidx.core:core:1.9.0] AndroidManifest.xml:26:5-97
19-->[androidx.core:core:1.9.0] AndroidManifest.xml:26:22-94
20
21    <application
21-->src\main\AndroidManifest.xml:7:5-37:19
22        android:allowBackup="true"
22-->src\main\AndroidManifest.xml:8:9-35
23        android:appComponentFactory="androidx.core.app.CoreComponentFactory"
23-->[androidx.core:core:1.9.0] AndroidManifest.xml:28:18-86
24        android:debuggable="true"
25        android:extractNativeLibs="false"
26        android:icon="@mipmap/ic_launcher"
26-->src\main\AndroidManifest.xml:9:9-43
27        android:label="@string/app_name"
27-->src\main\AndroidManifest.xml:10:9-41
28        android:roundIcon="@mipmap/ic_launcher_round"
28-->src\main\AndroidManifest.xml:11:9-54
29        android:supportsRtl="true"
29-->src\main\AndroidManifest.xml:12:9-35
30        android:testOnly="true"
31        android:theme="@style/Theme.Psyburger6" >
31-->src\main\AndroidManifest.xml:13:9-48
32        <activity
32-->src\main\AndroidManifest.xml:14:9-22:20
33            android:name="com.example.psyburger6.MainActivity"
33-->src\main\AndroidManifest.xml:15:13-41
34            android:exported="true" >
34-->src\main\AndroidManifest.xml:16:13-36
35            <intent-filter>
35-->src\main\AndroidManifest.xml:17:13-21:29
36                <action android:name="android.intent.action.MAIN" />
36-->src\main\AndroidManifest.xml:18:17-69
36-->src\main\AndroidManifest.xml:18:25-66
37
38                <category android:name="android.intent.category.LAUNCHER" />
38-->src\main\AndroidManifest.xml:20:17-77
38-->src\main\AndroidManifest.xml:20:27-74
39            </intent-filter>
40        </activity>
41        <activity android:name="com.example.psyburger6.HomeActivity" />
41-->src\main\AndroidManifest.xml:23:9-59
41-->src\main\AndroidManifest.xml:23:19-47
42        <activity android:name="com.example.psyburger6.FindNextSingerActivity" />
42-->src\main\AndroidManifest.xml:24:9-69
42-->src\main\AndroidManifest.xml:24:19-57
43        <activity android:name="com.example.psyburger6.SettingActivity" />
43-->src\main\AndroidManifest.xml:25:9-62
43-->src\main\AndroidManifest.xml:25:19-50
44        <activity android:name="com.example.psyburger6.TagCardActivity" />
44-->src\main\AndroidManifest.xml:26:9-62
44-->src\main\AndroidManifest.xml:26:19-50
45        <activity android:name="com.example.psyburger6.SelectSongActivity" />
45-->src\main\AndroidManifest.xml:27:9-65
45-->src\main\AndroidManifest.xml:27:19-53
46        <activity android:name="com.example.psyburger6.PlaySongActivity" />
46-->src\main\AndroidManifest.xml:28:9-63
46-->src\main\AndroidManifest.xml:28:19-51
47        <activity android:name="com.example.psyburger6.HappyResultActivity" />
47-->src\main\AndroidManifest.xml:29:9-66
47-->src\main\AndroidManifest.xml:29:19-54
48        <activity android:name="com.example.psyburger6.SadResultActivity" />
48-->src\main\AndroidManifest.xml:30:9-64
48-->src\main\AndroidManifest.xml:30:19-52
49        <activity android:name="com.example.psyburger6.RecomSongActivity" />
49-->src\main\AndroidManifest.xml:31:9-64
49-->src\main\AndroidManifest.xml:31:19-52
50        <activity android:name="com.example.psyburger6.CallWhoActivity" />
50-->src\main\AndroidManifest.xml:32:9-62
50-->src\main\AndroidManifest.xml:32:19-50
51        <activity android:name="com.example.psyburger6.EnergyActivity" />
51-->src\main\AndroidManifest.xml:33:9-61
51-->src\main\AndroidManifest.xml:33:19-49
52
53        <meta-data
53-->src\main\AndroidManifest.xml:34:9-36:48
54            android:name="com.robotemi.sdk.metadata.SKILL"
54-->src\main\AndroidManifest.xml:35:13-59
55            android:value="@string/app_name" />
55-->src\main\AndroidManifest.xml:36:13-45
56
57        <provider
57-->[com.robotemi:sdk:0.10.77] AndroidManifest.xml:14:9-18:40
58            android:name="com.robotemi.sdk.TemiSdkContentProvider"
58-->[com.robotemi:sdk:0.10.77] AndroidManifest.xml:15:13-67
59            android:authorities="com.example.psyburger6.com.robotemi.sdk"
59-->[com.robotemi:sdk:0.10.77] AndroidManifest.xml:16:13-68
60            android:enabled="true"
60-->[com.robotemi:sdk:0.10.77] AndroidManifest.xml:17:13-35
61            android:exported="false" />
61-->[com.robotemi:sdk:0.10.77] AndroidManifest.xml:18:13-37
62        <provider
62-->[androidx.emoji2:emoji2:1.2.0] AndroidManifest.xml:24:9-32:20
63            android:name="androidx.startup.InitializationProvider"
63-->[androidx.emoji2:emoji2:1.2.0] AndroidManifest.xml:25:13-67
64            android:authorities="com.example.psyburger6.androidx-startup"
64-->[androidx.emoji2:emoji2:1.2.0] AndroidManifest.xml:26:13-68
65            android:exported="false" >
65-->[androidx.emoji2:emoji2:1.2.0] AndroidManifest.xml:27:13-37
66            <meta-data
66-->[androidx.emoji2:emoji2:1.2.0] AndroidManifest.xml:29:13-31:52
67                android:name="androidx.emoji2.text.EmojiCompatInitializer"
67-->[androidx.emoji2:emoji2:1.2.0] AndroidManifest.xml:30:17-75
68                android:value="androidx.startup" />
68-->[androidx.emoji2:emoji2:1.2.0] AndroidManifest.xml:31:17-49
69            <meta-data
69-->[androidx.lifecycle:lifecycle-process:2.6.1] AndroidManifest.xml:29:13-31:52
70                android:name="androidx.lifecycle.ProcessLifecycleInitializer"
70-->[androidx.lifecycle:lifecycle-process:2.6.1] AndroidManifest.xml:30:17-78
71                android:value="androidx.startup" />
71-->[androidx.lifecycle:lifecycle-process:2.6.1] AndroidManifest.xml:31:17-49
72            <meta-data
72-->[androidx.profileinstaller:profileinstaller:1.3.0] AndroidManifest.xml:29:13-31:52
73                android:name="androidx.profileinstaller.ProfileInstallerInitializer"
73-->[androidx.profileinstaller:profileinstaller:1.3.0] AndroidManifest.xml:30:17-85
74                android:value="androidx.startup" />
74-->[androidx.profileinstaller:profileinstaller:1.3.0] AndroidManifest.xml:31:17-49
75        </provider>
76
77        <receiver
77-->[androidx.profileinstaller:profileinstaller:1.3.0] AndroidManifest.xml:34:9-52:20
78            android:name="androidx.profileinstaller.ProfileInstallReceiver"
78-->[androidx.profileinstaller:profileinstaller:1.3.0] AndroidManifest.xml:35:13-76
79            android:directBootAware="false"
79-->[androidx.profileinstaller:profileinstaller:1.3.0] AndroidManifest.xml:36:13-44
80            android:enabled="true"
80-->[androidx.profileinstaller:profileinstaller:1.3.0] AndroidManifest.xml:37:13-35
81            android:exported="true"
81-->[androidx.profileinstaller:profileinstaller:1.3.0] AndroidManifest.xml:38:13-36
82            android:permission="android.permission.DUMP" >
82-->[androidx.profileinstaller:profileinstaller:1.3.0] AndroidManifest.xml:39:13-57
83            <intent-filter>
83-->[androidx.profileinstaller:profileinstaller:1.3.0] AndroidManifest.xml:40:13-42:29
84                <action android:name="androidx.profileinstaller.action.INSTALL_PROFILE" />
84-->[androidx.profileinstaller:profileinstaller:1.3.0] AndroidManifest.xml:41:17-91
84-->[androidx.profileinstaller:profileinstaller:1.3.0] AndroidManifest.xml:41:25-88
85            </intent-filter>
86            <intent-filter>
86-->[androidx.profileinstaller:profileinstaller:1.3.0] AndroidManifest.xml:43:13-45:29
87                <action android:name="androidx.profileinstaller.action.SKIP_FILE" />
87-->[androidx.profileinstaller:profileinstaller:1.3.0] AndroidManifest.xml:44:17-85
87-->[androidx.profileinstaller:profileinstaller:1.3.0] AndroidManifest.xml:44:25-82
88            </intent-filter>
89            <intent-filter>
89-->[androidx.profileinstaller:profileinstaller:1.3.0] AndroidManifest.xml:46:13-48:29
90                <action android:name="androidx.profileinstaller.action.SAVE_PROFILE" />
90-->[androidx.profileinstaller:profileinstaller:1.3.0] AndroidManifest.xml:47:17-88
90-->[androidx.profileinstaller:profileinstaller:1.3.0] AndroidManifest.xml:47:25-85
91            </intent-filter>
92            <intent-filter>
92-->[androidx.profileinstaller:profileinstaller:1.3.0] AndroidManifest.xml:49:13-51:29
93                <action android:name="androidx.profileinstaller.action.BENCHMARK_OPERATION" />
93-->[androidx.profileinstaller:profileinstaller:1.3.0] AndroidManifest.xml:50:17-95
93-->[androidx.profileinstaller:profileinstaller:1.3.0] AndroidManifest.xml:50:25-92
94            </intent-filter>
95        </receiver>
96    </application>
97
98</manifest>